<?xml version="1.0" encoding="UTF-8"?>
<!-- Generated by org.testng.reporters.JUnitXMLReporter -->
<testsuite ignored="2" hostname="LAPTOP-OU5BRAJ4" failures="0" tests="6" name="Test" time="124.443" errors="0" timestamp="2025-09-25T14:11:12 IST">
  <testcase classname="com.comcast.crm.testng.orgtest.CreateOrganizationTest" name="createOrganizationTest" time="10.724"/>
  <testcase classname="com.comcast.crm.testng.orgtest.CreateOrganizationTest" name="createOrganizationWithPhoneNumberTest" time="4.622"/>
  <testcase classname="com.comcast.crm.testng.orgtest.CreateOrganizationTest" name="createOrganizationWithTypeTest" time="5.199"/>
  <testcase classname="com.comcast.crm.testng.contacttest.CreateContactsTest" name="createContactTest" time="5.002"/>
  <testcase classname="com.comcast.crm.testng.contacttest.CreateContactsTest" name="createContactWithOrgTest" time="10.147"/>
  <testcase classname="com.comcast.crm.testng.contacttest.CreateContactsTest" name="createContactWithSupportDataTest" time="5.294"/>
  <testcase classname="com.comcast.crm.generic.baseutility.BaseClass" name="@BeforeSuite configBS" time="0.0">
    <ignored/>
  </testcase> <!-- @BeforeSuite configBS -->
  <testcase classname="com.comcast.crm.generic.baseutility.BaseClass" name="@AfterSuite configAS" time="0.0">
    <ignored/>
  </testcase> <!-- @AfterSuite configAS -->
</testsuite> <!-- Test -->
